2018-08-15 15:07:37,154|| timerDelayTime value: 1000
2018-08-15 15:07:37,154|| checkInterval value: 30000
2018-08-15 15:07:37,154|| expiredDate value: 86400
2018-08-15 15:07:37,154|| concurrentHashMapLimit value: 5000
2018-08-15 15:07:37,169|| loggerType value: EELF
2018-08-15 15:07:37,169|| debugLogger level: INFO
2018-08-15 15:07:37,169|| component: DROOLS
2018-08-15 15:07:39,454|| POLICY-500I INFO: *********************** Rule audit id: POLICY-507I
2018-08-15 15:07:39,454|| POLICY-500I INFO: *********************** Rule audit value: Service Name: {0}:Executing rule: {1}
2018-08-15 15:07:39,706|| POLICY-500I INFO: Policy distribution starting as a service . . .
2018-08-15 15:07:39,706|| POLICY-500I INFO: Policy distribution started as a service
2018-08-15 15:07:39,722|| POLICY-500I INFO: Starting policy distribution service with arguments - [-c, parameters/DistributionConfigParameters.json]
2018-08-15 15:07:39,722|| POLICY-500I INFO: Policy distribution starting as a service . . .
2018-08-15 15:07:39,722|| POLICY-500I INFO: Policy distribution started as a service
2018-08-15 15:07:39,722|| POLICY-500I INFO: Started policy distribution service
2018-08-15 15:07:39,722|| POLICY-500I INFO: Starting policy distribution service with arguments - [-c, parameters/DistributionConfigParameters_InvalidName.json]
2018-08-15 15:07:39,753|| POLICY-500I INFO: Starting policy distribution service with arguments - [parameters/DistributionConfigParameters.json]
2018-08-15 15:07:39,753|| POLICY-500I INFO: Starting policy distribution service with arguments - [-h]
2018-08-15 15:07:39,768|| POLICY-500I INFO: usage: org.onap.policy.distribution.main.startstop.Main [options...]
options
-c,--config-file <CONFIG_FILE>the full path to the configuration file to use, the configuration file must be a Json file
                              containing the policy distribution parameters
-h,--help                     outputs the usage of this command
-v,--version                  outputs the version of policy distribution

2018-08-15 15:07:39,768|| POLICY-500I INFO: Starting policy distribution service with arguments - []
